Arguments: 
  /Users/dannyphillips/.nvm/versions/node/v9.10.0/bin/node /usr/local/Cellar/yarn/1.15.2/libexec/bin/yarn.js

PATH: 
  /usr/local/sbin:/usr/local/sbin:/usr/local/Cellar/qt/5.12.3/bin:/usr/local/opt/postgresql@9.5/bin:/Users/dannyphillips/.rbenv/bin:/Users/dannyphillips/.rbenv/shims:/Users/dannyphillips/.nvm/versions/node/v9.10.0/bin:/usr/local/bin:/usr/bin:/bin:/usr/sbin:/sbin

Yarn version: 
  1.15.2

Node version: 
  9.10.0

Platform: 
  darwin x64

Trace: 
  SyntaxError: /Users/dannyphillips/CodeProjects/mudskipper/package.json: Unexpected token } in JSON at position 474
      at JSON.parse (<anonymous>)
      at /usr/local/Cellar/yarn/1.15.2/libexec/lib/cli.js:1625:59
      at Generator.next (<anonymous>)
      at step (/usr/local/Cellar/yarn/1.15.2/libexec/lib/cli.js:304:30)
      at /usr/local/Cellar/yarn/1.15.2/libexec/lib/cli.js:315:13
      at <anonymous>

npm manifest: 
  {
    "name": "functions",
    "description": "Cloud Functions for Firebase",
    "scripts": {
      "lint": "eslint .",
      "serve": "firebase serve --only functions",
      "shell": "firebase functions:shell",
      "start": "npm run shell",
      "deploy": "firebase deploy --only functions",
      "logs": "firebase functions:log"
    },
    "engines": {
      "node": "8"
    },
    "dependencies": {
      "firebase-admin": "~7.0.0",
      "firebase-functions": "^2.3.0",
      "crawler": "^1.2.1"
    },
    "devDependencies": {
      "eslint": "^5.12.0",
      "eslint-plugin-promise": "^4.0.1",
      "firebase-functions-test": "^0.1.6"
    },
    "private": true
  }

yarn manifest: 
  No manifest

Lockfile: 
  No lockfile
